<?xml version="1.0" encoding="UTF-8"?>
<!-- Generated by org.testng.reporters.JUnitReportReporter -->
<testsuite hostname="INPUHJLP12311" name="com.udemy.java.test.DriverTest" tests="1" failures="0" timestamp="25 Aug 2020 07:45:25 GMT" time="3.480" errors="0">
  <testcase name="googleTest" time="3.480" classname="com.udemy.java.test.DriverTest"/>
</testsuite> <!-- com.udemy.java.test.DriverTest -->
